<?xml version="1.0" encoding="UTF-8"?>
<testng-results ignored="2" total="4" passed="2" failed="0" skipped="0">
  <reporter-output>
  </reporter-output>
  <suite started-at="2022-08-07T18:13:36 IST" name="Suite" finished-at="2022-08-07T18:14:26 IST" duration-ms="50963">
    <groups>
    </groups>
    <test started-at="2022-08-07T18:13:36 IST" name="Test" finished-at="2022-08-07T18:14:26 IST" duration-ms="50963">
      <class name="com.ms.testcases.ProductDetailTest">
        <test-method is-config="true" signature="loadConfig()[pri:0, instance:com.ms.testcases.ProductDetailTest@28f3b248]" started-at="2022-08-07T18:13:35 IST" name="loadConfig" finished-at="2022-08-07T18:13:36 IST" duration-ms="420" status="PASS">
          <reporter-output>
          </reporter-output>
        </test-method> <!-- loadConfig -->
        <test-method is-config="true" signature="setup(java.lang.String)[pri:0, instance:com.ms.testcases.ProductDetailTest@28f3b248]" started-at="2022-08-07T18:13:36 IST" name="setup" finished-at="2022-08-07T18:13:44 IST" duration-ms="8162" status="PASS">
          <params>
            <param index="0">
              <value>
                <![CDATA[Chrome]]>
              </value>
            </param>
          </params>
          <reporter-output>
          </reporter-output>
        </test-method> <!-- setup -->
        <test-method signature="verifyProductDetailsInProductDetailPage()[pri:0, instance:com.ms.testcases.ProductDetailTest@28f3b248]" started-at="2022-08-07T18:13:44 IST" name="verifyProductDetailsInProductDetailPage" finished-at="2022-08-07T18:13:59 IST" duration-ms="15380" status="PASS">
          <reporter-output>
          </reporter-output>
        </test-method> <!-- verifyProductDetailsInProductDetailPage -->
        <test-method is-config="true" signature="tearDown()[pri:0, instance:com.ms.testcases.ProductDetailTest@28f3b248]" started-at="2022-08-07T18:13:59 IST" name="tearDown" finished-at="2022-08-07T18:14:00 IST" duration-ms="852" status="PASS">
          <reporter-output>
          </reporter-output>
        </test-method> <!-- tearDown -->
        <test-method is-config="true" signature="afterSuite()[pri:0, instance:com.ms.testcases.ProductDetailTest@28f3b248]" started-at="2022-08-07T18:14:26 IST" name="afterSuite" finished-at="2022-08-07T18:14:27 IST" duration-ms="380" status="PASS">
          <reporter-output>
          </reporter-output>
        </test-method> <!-- afterSuite -->
      </class> <!-- com.ms.testcases.ProductDetailTest -->
      <class name="com.ms.testcases.productDetailInCartTest">
        <test-method is-config="true" signature="setup(java.lang.String)[pri:0, instance:com.ms.testcases.productDetailInCartTest@5fbdfdcf]" started-at="2022-08-07T18:14:00 IST" name="setup" finished-at="2022-08-07T18:14:05 IST" duration-ms="4910" status="PASS">
          <params>
            <param index="0">
              <value>
                <![CDATA[Chrome]]>
              </value>
            </param>
          </params>
          <reporter-output>
          </reporter-output>
        </test-method> <!-- setup -->
        <test-method signature="verifyProductDetailsInCart()[pri:0, instance:com.ms.testcases.productDetailInCartTest@5fbdfdcf]" started-at="2022-08-07T18:14:05 IST" name="verifyProductDetailsInCart" finished-at="2022-08-07T18:14:26 IST" duration-ms="20796" status="PASS">
          <reporter-output>
          </reporter-output>
        </test-method> <!-- verifyProductDetailsInCart -->
        <test-method is-config="true" signature="tearDown()[pri:0, instance:com.ms.testcases.productDetailInCartTest@5fbdfdcf]" started-at="2022-08-07T18:14:26 IST" name="tearDown" finished-at="2022-08-07T18:14:26 IST" duration-ms="805" status="PASS">
          <reporter-output>
          </reporter-output>
        </test-method> <!-- tearDown -->
      </class> <!-- com.ms.testcases.productDetailInCartTest -->
    </test> <!-- Test -->
  </suite> <!-- Suite -->
</testng-results>
