<?xml version="1.0" encoding="UTF-8"?>
<testng-results ignored="2" total="4" passed="2" failed="0" skipped="0">
  <reporter-output>
  </reporter-output>
  <suite started-at="2022-08-07T12:31:11 IST" name="Suite" finished-at="2022-08-07T12:31:58 IST" duration-ms="46276">
    <groups>
    </groups>
    <test started-at="2022-08-07T12:31:11 IST" name="Test" finished-at="2022-08-07T12:31:58 IST" duration-ms="46276">
      <class name="com.ms.testcases.ProductDetailTest">
        <test-method is-config="true" signature="loadConfig()[pri:0, instance:com.ms.testcases.ProductDetailTest@483f6d77]" started-at="2022-08-07T12:31:11 IST" name="loadConfig" finished-at="2022-08-07T12:31:11 IST" duration-ms="206" status="PASS">
          <reporter-output>
          </reporter-output>
        </test-method> <!-- loadConfig -->
        <test-method is-config="true" signature="setup()[pri:0, instance:com.ms.testcases.ProductDetailTest@483f6d77]" started-at="2022-08-07T12:31:11 IST" name="setup" finished-at="2022-08-07T12:31:18 IST" duration-ms="6491" status="PASS">
          <reporter-output>
          </reporter-output>
        </test-method> <!-- setup -->
        <test-method signature="verifyProductDetailsInProductDetailPage()[pri:0, instance:com.ms.testcases.ProductDetailTest@483f6d77]" started-at="2022-08-07T12:31:18 IST" name="verifyProductDetailsInProductDetailPage" finished-at="2022-08-07T12:31:32 IST" duration-ms="14450" status="PASS">
          <reporter-output>
          </reporter-output>
        </test-method> <!-- verifyProductDetailsInProductDetailPage -->
        <test-method is-config="true" signature="tearDown()[pri:0, instance:com.ms.testcases.ProductDetailTest@483f6d77]" started-at="2022-08-07T12:31:32 IST" name="tearDown" finished-at="2022-08-07T12:31:33 IST" duration-ms="805" status="PASS">
          <reporter-output>
          </reporter-output>
        </test-method> <!-- tearDown -->
        <test-method is-config="true" signature="afterSuite()[pri:0, instance:com.ms.testcases.ProductDetailTest@483f6d77]" started-at="2022-08-07T12:31:58 IST" name="afterSuite" finished-at="2022-08-07T12:31:59 IST" duration-ms="748" status="PASS">
          <reporter-output>
          </reporter-output>
        </test-method> <!-- afterSuite -->
      </class> <!-- com.ms.testcases.ProductDetailTest -->
      <class name="com.ms.testcases.productDetailInCartTest">
        <test-method is-config="true" signature="setup()[pri:0, instance:com.ms.testcases.productDetailInCartTest@16a0ee18]" started-at="2022-08-07T12:31:33 IST" name="setup" finished-at="2022-08-07T12:31:39 IST" duration-ms="5418" status="PASS">
          <reporter-output>
          </reporter-output>
        </test-method> <!-- setup -->
        <test-method signature="verifyProductDetailsInCart()[pri:0, instance:com.ms.testcases.productDetailInCartTest@16a0ee18]" started-at="2022-08-07T12:31:39 IST" name="verifyProductDetailsInCart" finished-at="2022-08-07T12:31:58 IST" duration-ms="19068" status="PASS">
          <reporter-output>
          </reporter-output>
        </test-method> <!-- verifyProductDetailsInCart -->
      </class> <!-- com.ms.testcases.productDetailInCartTest -->
    </test> <!-- Test -->
  </suite> <!-- Suite -->
</testng-results>
