<?xml version="1.0" encoding="UTF-8"?>
<!-- Generated by org.testng.reporters.JUnitXMLReporter -->
<testsuite ignored="2" hostname="INKOC1WLX23478" failures="0" tests="2" name="Test" time="50.963" errors="0" timestamp="2022-08-07T18:14:26 IST">
  <testcase classname="com.ms.testcases.ProductDetailTest" name="verifyProductDetailsInProductDetailPage" time="15.38"/>
  <testcase classname="com.ms.testcases.productDetailInCartTest" name="verifyProductDetailsInCart" time="20.796"/>
  <testcase classname="com.ms.base.BaseClass" name="@BeforeSuite loadConfig" time="0.0">
    <ignored/>
  </testcase> <!-- @BeforeSuite loadConfig -->
  <testcase classname="com.ms.base.BaseClass" name="@AfterSuite afterSuite" time="0.0">
    <ignored/>
  </testcase> <!-- @AfterSuite afterSuite -->
</testsuite> <!-- Test -->
